#
# A fatal error has been detected by the Java Runtime Environment:
#
#  SIGSEGV (0xb) at pc=0xb496b64f, pid=17658, tid=3077860208
#
# JRE version: 6.0_20-b20
# Java VM: OpenJDK Server VM (19.0-b09 mixed mode linux-x86 )
# Derivative: IcedTea6 1.9.7
# Distribution: Ubuntu 10.10, package 6b20-1.9.7-0ubuntu1
# Problematic frame:
# J  com.sun.org.apache.xerces.internal.impl.XMLDocumentFragmentScannerImpl.scanStartElement()Z
#
# If you would like to submit a bug report, please include
# instructions how to reproduce the bug and visit:
#   https://bugs.launchpad.net/ubuntu/+source/openjdk-6/
#

---------------  T H R E A D  ---------------

Current thread (0x08dd8800):  JavaThread "main" [_thread_in_Java, id=17669, stack(0xb76f6000,0xb7747000)]

siginfo:si_signo=SIGSEGV: si_errno=0, si_code=128 (), si_addr=0x00000000

Registers:
EAX=0x00000000, EBX=0x00000000, ECX=0xaad0fb70, EDX=0xaad11d00
ESP=0xb7743ac0, EBP=0x00000000, ESI=0x949293e8, EDI=0x8934aa70
EIP=0xb496b64f, CR2=0xb775f000, EFLAGS=0x00010246

Register to memory mapping:

EAX=0x00000000
0x00000000 is pointing to unknown location

EBX=0x00000000
0x00000000 is pointing to unknown location

ECX=0xaad0fb70

[error occurred during error reporting (printing registers, top of stack, instructions near pc), id 0xe0000000]

Stack: [0xb76f6000,0xb7747000],  sp=0xb7743ac0,  free space=310k
Native frames: (J=compiled Java code, j=interpreted, Vv=VM code, C=native code)
J  com.sun.org.apache.xerces.internal.impl.XMLDocumentFragmentScannerImpl.scanStartElement()Z

[error occurred during error reporting (printing native stack), id 0xb]


---------------  P R O C E S S  ---------------

Java Threads: ( => current thread )
  0x87f15400 JavaThread "Low Memory Detector" daemon [_thread_blocked, id=17678, stack(0x87b0b000,0x87b5c000)]
  0x87f13800 JavaThread "CompilerThread1" daemon [_thread_blocked, id=17677, stack(0x87b5c000,0x87bdd000)]
  0x87f11400 JavaThread "CompilerThread0" daemon [_thread_blocked, id=17676, stack(0x87bdd000,0x87c5e000)]
  0x87f0fc00 JavaThread "Signal Dispatcher" daemon [_thread_blocked, id=17675, stack(0x87c5e000,0x87caf000)]
  0x87f00800 JavaThread "Finalizer" daemon [_thread_blocked, id=17674, stack(0x87eaf000,0x87f00000)]
  0x08e62000 JavaThread "Reference Handler" daemon [_thread_blocked, id=17673, stack(0x8802e000,0x8807f000)]
=>0x08dd8800 JavaThread "main" [_thread_in_Java, id=17669, stack(0xb76f6000,0xb7747000)]

Other Threads:
  0x08e5e000 VMThread [stack: 0x8807f000,0x88100000] [id=17672]
  0x87f17400 WatcherThread [stack: 0x87a8a000,0x87b0b000] [id=17679]

VM state:not at safepoint (normal execution)

VM Mutex/Monitor currently owned by a thread: None

Heap
 PSYoungGen      total 102464K, used 22841K [0xa9b90000, 0xb45d0000, 0xb4630000)
  eden space 95744K, 20% used [0xa9b90000,0xaaed6790,0xaf910000)
  from space 6720K, 46% used [0xaf910000,0xafc18000,0xaffa0000)
  to   space 6464K, 0% used [0xb3f80000,0xb3f80000,0xb45d0000)
 PSOldGen        total 31872K, used 10651K [0x94630000, 0x96550000, 0xa9b90000)
  object space 31872K, 33% used [0x94630000,0x95096da8,0x96550000)
 PSPermGen       total 16384K, used 14095K [0x88630000, 0x89630000, 0x94630000)
  object space 16384K, 86% used [0x88630000,0x893f3eb0,0x89630000)

Dynamic libraries:
00110000-00267000 r-xp 00000000 08:05 1971025    /lib/libc-2.12.1.so
00267000-00269000 r--p 00157000 08:05 1971025    /lib/libc-2.12.1.so
00269000-0026a000 rw-p 00159000 08:05 1971025    /lib/libc-2.12.1.so
0026a000-0026d000 rw-p 00000000 00:00 0 
0026d000-00291000 r-xp 00000000 08:05 1971311    /lib/libm-2.12.1.so
00291000-00292000 r--p 00023000 08:05 1971311    /lib/libm-2.12.1.so
00292000-00293000 rw-p 00024000 08:05 1971311    /lib/libm-2.12.1.so
00293000-00299000 r-xp 00000000 08:05 680067     /usr/lib/jvm/java-6-openjdk/jre/lib/i386/native_threads/libhpi.so
00299000-0029a000 r--p 00005000 08:05 680067     /usr/lib/jvm/java-6-openjdk/jre/lib/i386/native_threads/libhpi.so
0029a000-0029b000 rw-p 00006000 08:05 680067     /usr/lib/jvm/java-6-openjdk/jre/lib/i386/native_threads/libhpi.so
0029b000-002a4000 r-xp 00000000 08:05 1971318    /lib/libnss_nis-2.12.1.so
002a4000-002a5000 r--p 00008000 08:05 1971318    /lib/libnss_nis-2.12.1.so
002a5000-002a6000 rw-p 00009000 08:05 1971318    /lib/libnss_nis-2.12.1.so
002a6000-002ac000 r-xp 00000000 08:05 679999     /usr/lib/jvm/java-6-openjdk/jre/lib/i386/libzip.so
002ac000-002ad000 r--p 00005000 08:05 679999     /usr/lib/jvm/java-6-openjdk/jre/lib/i386/libzip.so
002ad000-002ae000 rw-p 00006000 08:05 679999     /usr/lib/jvm/java-6-openjdk/jre/lib/i386/libzip.so
002ae000-002c2000 r-xp 00000000 08:05 680082     /usr/lib/jvm/java-6-openjdk/jre/lib/i386/libnet.so
002c2000-002c3000 r--p 00013000 08:05 680082     /usr/lib/jvm/java-6-openjdk/jre/lib/i386/libnet.so
002c3000-002c4000 rw-p 00014000 08:05 680082     /usr/lib/jvm/java-6-openjdk/jre/lib/i386/libnet.so
002ea000-0030c000 r-xp 00000000 08:05 679994     /usr/lib/jvm/java-6-openjdk/jre/lib/i386/libjava.so
0030c000-0030d000 r--p 00021000 08:05 679994     /usr/lib/jvm/java-6-openjdk/jre/lib/i386/libjava.so
0030d000-0030f000 rw-p 00022000 08:05 679994     /usr/lib/jvm/java-6-openjdk/jre/lib/i386/libjava.so
00340000-00353000 r-xp 00000000 08:05 1971313    /lib/libnsl-2.12.1.so
00353000-00354000 r--p 00012000 08:05 1971313    /lib/libnsl-2.12.1.so
00354000-00355000 rw-p 00013000 08:05 1971313    /lib/libnsl-2.12.1.so
00355000-00357000 rw-p 00000000 00:00 0 
003f8000-003fe000 r-xp 00000000 08:05 1971314    /lib/libnss_compat-2.12.1.so
003fe000-003ff000 r--p 00006000 08:05 1971314    /lib/libnss_compat-2.12.1.so
003ff000-00400000 rw-p 00007000 08:05 1971314    /lib/libnss_compat-2.12.1.so
00575000-0057f000 r-xp 00000000 08:05 1971316    /lib/libnss_files-2.12.1.so
0057f000-00580000 r--p 00009000 08:05 1971316    /lib/libnss_files-2.12.1.so
00580000-00581000 rw-p 0000a000 08:05 1971316    /lib/libnss_files-2.12.1.so
0065d000-0065e000 r-xp 00000000 00:00 0          [vdso]
006a6000-006b1000 r-xp 00000000 08:05 680074     /usr/lib/jvm/java-6-openjdk/jre/lib/i386/libverify.so
006b1000-006b2000 ---p 0000b000 08:05 680074     /usr/lib/jvm/java-6-openjdk/jre/lib/i386/libverify.so
006b2000-006b3000 r--p 0000b000 08:05 680074     /usr/lib/jvm/java-6-openjdk/jre/lib/i386/libverify.so
006b3000-006b4000 rw-p 0000c000 08:05 680074     /usr/lib/jvm/java-6-openjdk/jre/lib/i386/libverify.so
00807000-0080a000 r-xp 00000000 08:05 680002     /usr/lib/jvm/java-6-openjdk/jre/lib/i386/jli/libjli.so
0080a000-0080b000 r--p 00002000 08:05 680002     /usr/lib/jvm/java-6-openjdk/jre/lib/i386/jli/libjli.so
0080b000-0080c000 rw-p 00003000 08:05 680002     /usr/lib/jvm/java-6-openjdk/jre/lib/i386/jli/libjli.so
0092e000-00930000 r-xp 00000000 08:05 1971093    /lib/libdl-2.12.1.so
00930000-00931000 r--p 00001000 08:05 1971093    /lib/libdl-2.12.1.so
00931000-00932000 rw-p 00002000 08:05 1971093    /lib/libdl-2.12.1.so
0093d000-00950000 r-xp 00000000 08:05 1966274    /lib/libz.so.1.2.3.4
00950000-00951000 r--p 00012000 08:05 1966274    /lib/libz.so.1.2.3.4
00951000-00952000 rw-p 00013000 08:05 1966274    /lib/libz.so.1.2.3.4
009f9000-00a15000 r-xp 00000000 08:05 1970967    /lib/ld-2.12.1.so
00a15000-00a16000 r--p 0001b000 08:05 1970967    /lib/ld-2.12.1.so
00a16000-00a17000 rw-p 0001c000 08:05 1970967    /lib/ld-2.12.1.so
00b38000-00b3f000 r-xp 00000000 08:05 1971960    /lib/librt-2.12.1.so
00b3f000-00b40000 r--p 00006000 08:05 1971960    /lib/librt-2.12.1.so
00b40000-00b41000 rw-p 00007000 08:05 1971960    /lib/librt-2.12.1.so
00b49000-00b5e000 r-xp 00000000 08:05 1971321    /lib/libpthread-2.12.1.so
00b5e000-00b5f000 ---p 00015000 08:05 1971321    /lib/libpthread-2.12.1.so
00b5f000-00b60000 r--p 00015000 08:05 1971321    /lib/libpthread-2.12.1.so
00b60000-00b61000 rw-p 00016000 08:05 1971321    /lib/libpthread-2.12.1.so
00b61000-00b63000 rw-p 00000000 00:00 0 
00b63000-01227000 r-xp 00000000 08:05 680066     /usr/lib/jvm/java-6-openjdk/jre/lib/i386/server/libjvm.so
01227000-0126c000 r--p 006c4000 08:05 680066     /usr/lib/jvm/java-6-openjdk/jre/lib/i386/server/libjvm.so
0126c000-0127b000 rw-p 00709000 08:05 680066     /usr/lib/jvm/java-6-openjdk/jre/lib/i386/server/libjvm.so
0127b000-0169a000 rw-p 00000000 00:00 0 
08048000-08051000 r-xp 00000000 08:05 679963     /usr/lib/jvm/java-6-openjdk/jre/bin/java
08051000-08052000 r--p 00008000 08:05 679963     /usr/lib/jvm/java-6-openjdk/jre/bin/java
08052000-08053000 rw-p 00009000 08:05 679963     /usr/lib/jvm/java-6-openjdk/jre/bin/java
08dd2000-0a353000 rw-p 00000000 00:00 0          [heap]
86900000-869fa000 rw-p 00000000 00:00 0 
869fa000-86a00000 ---p 00000000 00:00 0 
86b00000-86bfd000 rw-p 00000000 00:00 0 
86bfd000-86c00000 ---p 00000000 00:00 0 
86c00000-86cfe000 rw-p 00000000 00:00 0 
86cfe000-86d00000 ---p 00000000 00:00 0 
86d00000-86dfd000 rw-p 00000000 00:00 0 
86dfd000-86e00000 ---p 00000000 00:00 0 
86e00000-86efc000 rw-p 00000000 00:00 0 
86efc000-86f00000 ---p 00000000 00:00 0 
86f00000-86ffe000 rw-p 00000000 00:00 0 
86ffe000-87000000 ---p 00000000 00:00 0 
87100000-871fe000 rw-p 00000000 00:00 0 
871fe000-87200000 ---p 00000000 00:00 0 
87300000-87400000 rw-p 00000000 00:00 0 
87400000-874ff000 rw-p 00000000 00:00 0 
874ff000-87500000 ---p 00000000 00:00 0 
8750d000-87510000 ---p 00000000 00:00 0 
87510000-8755e000 rw-p 00000000 00:00 0 
8755e000-87561000 ---p 00000000 00:00 0 
87561000-875af000 rw-p 00000000 00:00 0 
875af000-875b2000 ---p 00000000 00:00 0 
875b2000-87600000 rw-p 00000000 00:00 0 
87600000-87800000 rw-p 00000000 00:00 0 
87800000-878ff000 rw-p 00000000 00:00 0 
878ff000-87900000 ---p 00000000 00:00 0 
87921000-87924000 ---p 00000000 00:00 0 
87924000-87972000 rw-p 00000000 00:00 0 
87972000-87975000 ---p 00000000 00:00 0 
87975000-879c3000 rw-p 00000000 00:00 0 
879c3000-87a22000 r--s 00d86000 08:05 680253     /usr/lib/jvm/java-6-openjdk/lib/tools.jar
87a22000-87a36000 r--s 0012f000 08:05 2231822    /home/david/.grails/grails-1.3.7/lib/ant-1.7.1.jar
87a36000-87a8a000 r--s 00516000 08:05 2238858    /home/david/.grails/grails-1.3.7/lib/groovy-all-1.7.8.jar
87a8a000-87a8b000 ---p 00000000 00:00 0 
87a8b000-87b0b000 rw-p 00000000 00:00 0 
87b0b000-87b0e000 ---p 00000000 00:00 0 
87b0e000-87b5c000 rw-p 00000000 00:00 0 
87b5c000-87b5f000 ---p 00000000 00:00 0 
87b5f000-87bdd000 rw-p 00000000 00:00 0 
87bdd000-87be0000 ---p 00000000 00:00 0 
87be0000-87c5e000 rw-p 00000000 00:00 0 
87c5e000-87c61000 ---p 00000000 00:00 0 
87c61000-87caf000 rw-p 00000000 00:00 0 
87caf000-87eaf000 r--p 00000000 08:05 657758     /usr/lib/locale/locale-archive
87eaf000-87eb2000 ---p 00000000 00:00 0 
87eb2000-87f00000 rw-p 00000000 00:00 0 
87f00000-88000000 rw-p 00000000 00:00 0 
88007000-8800c000 r--s 00049000 08:05 2238856    /home/david/.grails/grails-1.3.7/lib/gant_groovy1.7-1.9.2.jar
8800c000-8801b000 r--s 000d9000 08:05 2238866    /home/david/.grails/grails-1.3.7/lib/ivy-2.2.0.jar
8801b000-88022000 r--s 0005a000 08:05 2238857    /home/david/.grails/grails-1.3.7/lib/gpars-0.9.jar
88022000-88026000 r--s 0007c000 08:05 671162     /usr/lib/jvm/java-6-openjdk/jre/lib/jsse.jar
88026000-8802e000 r--s 00066000 08:05 1072967    /usr/share/java/gnome-java-bridge.jar
8802e000-88031000 ---p 00000000 00:00 0 
88031000-8807f000 rw-p 00000000 00:00 0 
8807f000-88080000 ---p 00000000 00:00 0 
88080000-88133000 rw-p 00000000 00:00 0 
88133000-882c2000 r--s 038c2000 08:05 680085     /usr/lib/jvm/java-6-openjdk/jre/lib/rt.jar
882c2000-882c3000 ---p 00000000 00:00 0 
882c3000-88343000 rw-p 00000000 00:00 0 
88343000-88344000 ---p 00000000 00:00 0 
88344000-883cc000 rw-p 00000000 00:00 0 
883cc000-88424000 rw-p 00000000 00:00 0 
88424000-88434000 rw-p 00000000 00:00 0 
88434000-884cf000 rw-p 00000000 00:00 0 
884cf000-884d7000 rw-p 00000000 00:00 0 
884d7000-8852f000 rw-p 00000000 00:00 0 
8852f000-8853f000 rw-p 00000000 00:00 0 
8853f000-885d9000 rw-p 00000000 00:00 0 
885d9000-8862f000 rw-p 00000000 00:00 0 
8862f000-89630000 rw-p 00000000 00:00 0 
89630000-94630000 rw-p 00000000 00:00 0 
94630000-96550000 rw-p 00000000 00:00 0 
96550000-a9b90000 rw-p 00000000 00:00 0 
a9b90000-b45d0000 rw-p 00000000 00:00 0 
b45d0000-b4630000 rw-p 00000000 00:00 0 
b4630000-b4632000 r--s 00001000 08:05 680046     /usr/lib/jvm/java-6-openjdk/jre/lib/ext/dnsns.jar
b4632000-b4636000 r--s 00045000 08:05 2372860    /home/david/.grails/grails-1.3.7/dist/grails-bootstrap-1.3.7.jar
b4636000-b4641000 rw-p 00000000 00:00 0 
b4641000-b46f6000 rw-p 00000000 00:00 0 
b46f6000-b497e000 rwxp 00000000 00:00 0 
b497e000-b76f6000 rw-p 00000000 00:00 0 
b76f6000-b76f9000 ---p 00000000 00:00 0 
b76f9000-b774a000 rw-p 00000000 00:00 0 
b774b000-b774e000 r--s 0000f000 08:05 680048     /usr/lib/jvm/java-6-openjdk/jre/lib/ext/pulse-java.jar
b774e000-b774f000 r--p 002a1000 08:05 657758     /usr/lib/locale/locale-archive
b774f000-b7751000 r--s 0001d000 08:05 671166     /usr/lib/jvm/java-6-openjdk/jre/lib/plugin.jar
b7751000-b7756000 r--s 00044000 08:05 680028     /usr/lib/jvm/java-6-openjdk/jre/lib/netx.jar
b7756000-b775e000 rw-s 00000000 08:05 262361     /tmp/hsperfdata_david/17658
b775e000-b775f000 rw-p 00000000 00:00 0 
b775f000-b7760000 r--p 00000000 00:00 0 
b7760000-b7762000 rw-p 00000000 00:00 0 
bfd10000-bfd32000 rw-p 00000000 00:00 0          [stack]

VM Arguments:
jvm_args: -Xmx512M -XX:MaxPermSize=192m -Dfile.encoding=UTF-8 -Dgrails.home=/home/david/.grails/grails-1.3.7 -Dtools.jar=/usr/lib/jvm/java-6-openjdk/lib/tools.jar 
java_command: org.codehaus.groovy.grails.cli.support.GrailsStarter --main org.codehaus.groovy.grails.cli.GrailsScriptRunner --conf /home/david/.grails/grails-1.3.7/conf/groovy-starter.conf --classpath  test-app functional:spock GroupView
Launcher Type: SUN_STANDARD

Environment Variables:
JAVA_HOME=/usr/lib/jvm/java-6-openjdk
PATH=/usr/local/sbin:/usr/local/bin:/usr/sbin:/usr/bin:/sbin:/bin:/usr/games:/home/david/.android-sdk-linux_86/tools:/home/david/.grails/grails-1.3.7/bin:/home/david/dev/workspaces/grails/grails.sh
USERNAME=david
LD_LIBRARY_PATH=/usr/lib/jvm/java-6-openjdk/jre/lib/i386/server:/usr/lib/jvm/java-6-openjdk/jre/lib/i386:/usr/lib/jvm/java-6-openjdk/jre/../lib/i386
SHELL=/bin/bash
DISPLAY=:0.0

Signal Handlers:
SIGSEGV: [libjvm.so+0x6497c0], sa_mask[0]=0x7ffbfeff, sa_flags=0x10000004
SIGBUS: [libjvm.so+0x6497c0], sa_mask[0]=0x7ffbfeff, sa_flags=0x10000004
SIGFPE: [libjvm.so+0x51ba60], sa_mask[0]=0x7ffbfeff, sa_flags=0x10000004
SIGPIPE: [libjvm.so+0x51ba60], sa_mask[0]=0x7ffbfeff, sa_flags=0x10000004
SIGXFSZ: [libjvm.so+0x51ba60], sa_mask[0]=0x7ffbfeff, sa_flags=0x10000004
SIGILL: [libjvm.so+0x51ba60], sa_mask[0]=0x7ffbfeff, sa_flags=0x10000004
SIGUSR1: SIG_DFL, sa_mask[0]=0x00000000, sa_flags=0x00000000
SIGUSR2: [libjvm.so+0x51b110], sa_mask[0]=0x00000000, sa_flags=0x10000004
SIGHUP: [libjvm.so+0x51dc80], sa_mask[0]=0x7ffbfeff, sa_flags=0x10000004
SIGINT: [libjvm.so+0x51dc80], sa_mask[0]=0x7ffbfeff, sa_flags=0x10000004
SIGTERM: [libjvm.so+0x51dc80], sa_mask[0]=0x7ffbfeff, sa_flags=0x10000004
SIGQUIT: [libjvm.so+0x51dc80], sa_mask[0]=0x7ffbfeff, sa_flags=0x10000004


---------------  S Y S T E M  ---------------

OS:Ubuntu 10.10 (maverick)
uname:Linux 2.6.35-28-generic #49-Ubuntu SMP Tue Mar 1 14:40:58 UTC 2011 i686
libc:glibc 2.12.1 NPTL 2.12.1 
rlimit: STACK 8192k, CORE 0k, NPROC infinity, NOFILE 1024, AS infinity
load average:0.33 0.20 0.20

/proc/meminfo:
MemTotal:        3055980 kB
MemFree:          384304 kB
Buffers:           99504 kB
Cached:           783032 kB
SwapCached:        18544 kB
Active:          1782704 kB
Inactive:         772440 kB
Active(anon):    1428792 kB
Inactive(anon):   477988 kB
Active(file):     353912 kB
Inactive(file):   294452 kB
Unevictable:          96 kB
Mlocked:              96 kB
HighTotal:       2195888 kB
HighFree:           2712 kB
LowTotal:         860092 kB
LowFree:          381592 kB
SwapTotal:       7812092 kB
SwapFree:        7790392 kB
Dirty:               524 kB
Writeback:             4 kB
AnonPages:       1654104 kB
Mapped:           148236 kB
Shmem:            234172 kB
Slab:              64804 kB
SReclaimable:      42552 kB
SUnreclaim:        22252 kB
KernelStack:        4072 kB
PageTables:        12620 kB
NFS_Unstable:          0 kB
Bounce:                0 kB
WritebackTmp:          0 kB
CommitLimit:     9340080 kB
Committed_AS:    4488212 kB
VmallocTotal:     122880 kB
VmallocUsed:       38260 kB
VmallocChunk:      28284 kB
HardwareCorrupted:     0 kB
HugePages_Total:       0
HugePages_Free:        0
HugePages_Rsvd:        0
HugePages_Surp:        0
Hugepagesize:       4096 kB
DirectMap4k:       16376 kB
DirectMap4M:      892928 kB


CPU:total 2 (2 cores per cpu, 1 threads per core) family 6 model 23 stepping 6, cmov, cx8, fxsr, mmx, sse, sse2, sse3, ssse3, sse4.1

Memory: 4k page, physical 3055980k(383932k free), swap 7812092k(7790392k free)

vm_info: OpenJDK Server VM (19.0-b09) for linux-x86 JRE (1.6.0_20-b20), built on Feb 23 2011 09:09:10 by "buildd" with gcc 4.4.5

time: Thu Apr 14 13:03:56 2011
elapsed time: 4 seconds

