#
# A fatal error has been detected by the Java Runtime Environment:
#
#  SIGSEGV (0xb) at pc=0xb4919f75, pid=24306, tid=3077647216
#
# JRE version: 6.0_20-b20
# Java VM: OpenJDK Server VM (19.0-b09 mixed mode linux-x86 )
# Derivative: IcedTea6 1.9.7
# Distribution: Ubuntu 10.10, package 6b20-1.9.7-0ubuntu1
# Problematic frame:
# J  org.apache.ivy.core.module.descriptor.DefaultDependencyDescriptor.getDependencyConfigurations(Ljava/lang/String;Ljava/lang/String;)[Ljava/lang/String;
#
# If you would like to submit a bug report, please include
# instructions how to reproduce the bug and visit:
#   https://bugs.launchpad.net/ubuntu/+source/openjdk-6/
#

---------------  T H R E A D  ---------------

Current thread (0x0924a800):  JavaThread "main" [_thread_in_Java, id=24315, stack(0xb76c2000,0xb7713000)]

siginfo:si_signo=SIGSEGV: si_errno=0, si_code=128 (), si_addr=0x00000000

Registers:
EAX=0x94df9910, EBX=0x00000000, ECX=0x88836828, EDX=0x0000002a
ESP=0xb770fc50, EBP=0x00000000, ESI=0x00000010, EDI=0x88836828
EIP=0xb4919f75, CR2=0x00000004, EFLAGS=0x00010202

Register to memory mapping:

EAX=0x94df9910
java.util.LinkedHashMap 
 - klass: 'java/util/LinkedHashMap'

EBX=0x00000000
0x00000000 is pointing to unknown location

ECX=0x88836828
[C 
 - klass: {type array char}
 - length: 1

EDX=0x0000002a
0x0000002a is pointing to unknown location

ESP=0xb770fc50
0xb770fc50 is pointing into the stack for thread: 0x0924a800
"main" prio=10 tid=0x0924a800 nid=0x5efb runnable [0x00000000]
   java.lang.Thread.State: RUNNABLE

EBP=0x00000000
0x00000000 is pointing to unknown location

ESI=0x00000010
0x00000010 is pointing to unknown location

EDI=0x88836828
[C 
 - klass: {type array char}
 - length: 1


Top of Stack: (sp=0xb770fc50)
0xb770fc50:   94e1f850 88f56840 94df98c0 0924a800
0xb770fc60:   94df9910 886bdad0 00000000 00000001
0xb770fc70:   00000000 00000000 888540c0 00000002
0xb770fc80:   00000000 00000000 888540c0 b46c5523
0xb770fc90:   00000000 00000000 b770fce0 b46c5523
0xb770fca0:   886bdad0 aa537178 b770fce0 b46c5047
0xb770fcb0:   b46c5523 886bdad0 886bdad0 94df98c0
0xb770fcc0:   b770fcc0 88f61eaa b770fd18 89320c50 

Instructions: (pc=0xb4919f75)
0xb4919f65:   00 00 8b 44 24 10 89 44 24 10 8b eb d1 e5 85 d2
0xb4919f75:   0f 85 18 01 00 00 8b 44 24 1c 85 c0 0f 8e 86 11 

Stack: [0xb76c2000,0xb7713000],  sp=0xb770fc50,  free space=311k
Native frames: (J=compiled Java code, j=interpreted, Vv=VM code, C=native code)
J  org.apache.ivy.core.module.descriptor.DefaultDependencyDescriptor.getDependencyConfigurations(Ljava/lang/String;Ljava/lang/String;)[Ljava/lang/String;

[error occurred during error reporting (printing native stack), id 0xb]


---------------  P R O C E S S  ---------------

Java Threads: ( => current thread )
  0x092ed800 JavaThread "Low Memory Detector" daemon [_thread_blocked, id=24324, stack(0x87c8a000,0x87cdb000)]
  0x092eb800 JavaThread "CompilerThread1" daemon [_thread_in_vm, id=24323, stack(0x87a5a000,0x87adb000)]
  0x092e9800 JavaThread "CompilerThread0" daemon [_thread_in_native, id=24322, stack(0x87cdb000,0x87d5c000)]
  0x092e8000 JavaThread "Signal Dispatcher" daemon [_thread_blocked, id=24321, stack(0x87d5c000,0x87dad000)]
  0x092d5800 JavaThread "Finalizer" daemon [_thread_blocked, id=24320, stack(0x87fad000,0x87ffe000)]
  0x092d4000 JavaThread "Reference Handler" daemon [_thread_blocked, id=24319, stack(0x87ffe000,0x8804f000)]
=>0x0924a800 JavaThread "main" [_thread_in_Java, id=24315, stack(0xb76c2000,0xb7713000)]

Other Threads:
  0x092d0000 VMThread [stack: 0x8804f000,0x880d0000] [id=24318]
  0x092ef800 WatcherThread [stack: 0x87c09000,0x87c8a000] [id=24325]

VM state:not at safepoint (normal execution)

VM Mutex/Monitor currently owned by a thread: None

Heap
 PSYoungGen      total 49856K, used 12587K [0xa9b60000, 0xb0660000, 0xb4600000)
  eden space 47872K, 22% used [0xa9b60000,0xaa5baf80,0xaca20000)
  from space 1984K, 99% used [0xaca20000,0xacc0fe90,0xacc10000)
  to   space 6912K, 0% used [0xaffa0000,0xaffa0000,0xb0660000)
 PSOldGen        total 31872K, used 9865K [0x94600000, 0x96520000, 0xa9b60000)
  object space 31872K, 30% used [0x94600000,0x94fa2630,0x96520000)
 PSPermGen       total 16384K, used 14042K [0x88600000, 0x89600000, 0x94600000)
  object space 16384K, 85% used [0x88600000,0x893b6948,0x89600000)

Dynamic libraries:
00110000-00267000 r-xp 00000000 08:05 1971025    /lib/libc-2.12.1.so
00267000-00269000 r--p 00157000 08:05 1971025    /lib/libc-2.12.1.so
00269000-0026a000 rw-p 00159000 08:05 1971025    /lib/libc-2.12.1.so
0026a000-0026d000 rw-p 00000000 00:00 0 
0026d000-00281000 r-xp 00000000 08:05 680082     /usr/lib/jvm/java-6-openjdk/jre/lib/i386/libnet.so
00281000-00282000 r--p 00013000 08:05 680082     /usr/lib/jvm/java-6-openjdk/jre/lib/i386/libnet.so
00282000-00283000 rw-p 00014000 08:05 680082     /usr/lib/jvm/java-6-openjdk/jre/lib/i386/libnet.so
002ad000-002b3000 r-xp 00000000 08:05 679999     /usr/lib/jvm/java-6-openjdk/jre/lib/i386/libzip.so
002b3000-002b4000 r--p 00005000 08:05 679999     /usr/lib/jvm/java-6-openjdk/jre/lib/i386/libzip.so
002b4000-002b5000 rw-p 00006000 08:05 679999     /usr/lib/jvm/java-6-openjdk/jre/lib/i386/libzip.so
00327000-0034b000 r-xp 00000000 08:05 1971311    /lib/libm-2.12.1.so
0034b000-0034c000 r--p 00023000 08:05 1971311    /lib/libm-2.12.1.so
0034c000-0034d000 rw-p 00024000 08:05 1971311    /lib/libm-2.12.1.so
003df000-003e9000 r-xp 00000000 08:05 1971316    /lib/libnss_files-2.12.1.so
003e9000-003ea000 r--p 00009000 08:05 1971316    /lib/libnss_files-2.12.1.so
003ea000-003eb000 rw-p 0000a000 08:05 1971316    /lib/libnss_files-2.12.1.so
004b0000-004b3000 r-xp 00000000 08:05 680002     /usr/lib/jvm/java-6-openjdk/jre/lib/i386/jli/libjli.so
004b3000-004b4000 r--p 00002000 08:05 680002     /usr/lib/jvm/java-6-openjdk/jre/lib/i386/jli/libjli.so
004b4000-004b5000 rw-p 00003000 08:05 680002     /usr/lib/jvm/java-6-openjdk/jre/lib/i386/jli/libjli.so
0066e000-00679000 r-xp 00000000 08:05 680074     /usr/lib/jvm/java-6-openjdk/jre/lib/i386/libverify.so
00679000-0067a000 ---p 0000b000 08:05 680074     /usr/lib/jvm/java-6-openjdk/jre/lib/i386/libverify.so
0067a000-0067b000 r--p 0000b000 08:05 680074     /usr/lib/jvm/java-6-openjdk/jre/lib/i386/libverify.so
0067b000-0067c000 rw-p 0000c000 08:05 680074     /usr/lib/jvm/java-6-openjdk/jre/lib/i386/libverify.so
006da000-006ed000 r-xp 00000000 08:05 1966274    /lib/libz.so.1.2.3.4
006ed000-006ee000 r--p 00012000 08:05 1966274    /lib/libz.so.1.2.3.4
006ee000-006ef000 rw-p 00013000 08:05 1966274    /lib/libz.so.1.2.3.4
006f1000-006f8000 r-xp 00000000 08:05 1971960    /lib/librt-2.12.1.so
006f8000-006f9000 r--p 00006000 08:05 1971960    /lib/librt-2.12.1.so
006f9000-006fa000 rw-p 00007000 08:05 1971960    /lib/librt-2.12.1.so
0072b000-0072c000 r-xp 00000000 00:00 0          [vdso]
00951000-0095a000 r-xp 00000000 08:05 1971318    /lib/libnss_nis-2.12.1.so
0095a000-0095b000 r--p 00008000 08:05 1971318    /lib/libnss_nis-2.12.1.so
0095b000-0095c000 rw-p 00009000 08:05 1971318    /lib/libnss_nis-2.12.1.so
009b0000-009d2000 r-xp 00000000 08:05 679994     /usr/lib/jvm/java-6-openjdk/jre/lib/i386/libjava.so
009d2000-009d3000 r--p 00021000 08:05 679994     /usr/lib/jvm/java-6-openjdk/jre/lib/i386/libjava.so
009d3000-009d5000 rw-p 00022000 08:05 679994     /usr/lib/jvm/java-6-openjdk/jre/lib/i386/libjava.so
00c02000-00c08000 r-xp 00000000 08:05 680067     /usr/lib/jvm/java-6-openjdk/jre/lib/i386/native_threads/libhpi.so
00c08000-00c09000 r--p 00005000 08:05 680067     /usr/lib/jvm/java-6-openjdk/jre/lib/i386/native_threads/libhpi.so
00c09000-00c0a000 rw-p 00006000 08:05 680067     /usr/lib/jvm/java-6-openjdk/jre/lib/i386/native_threads/libhpi.so
00c0c000-00c0e000 r-xp 00000000 08:05 1971093    /lib/libdl-2.12.1.so
00c0e000-00c0f000 r--p 00001000 08:05 1971093    /lib/libdl-2.12.1.so
00c0f000-00c10000 rw-p 00002000 08:05 1971093    /lib/libdl-2.12.1.so
00dc2000-00dd5000 r-xp 00000000 08:05 1971313    /lib/libnsl-2.12.1.so
00dd5000-00dd6000 r--p 00012000 08:05 1971313    /lib/libnsl-2.12.1.so
00dd6000-00dd7000 rw-p 00013000 08:05 1971313    /lib/libnsl-2.12.1.so
00dd7000-00dd9000 rw-p 00000000 00:00 0 
00e35000-00e4a000 r-xp 00000000 08:05 1971321    /lib/libpthread-2.12.1.so
00e4a000-00e4b000 ---p 00015000 08:05 1971321    /lib/libpthread-2.12.1.so
00e4b000-00e4c000 r--p 00015000 08:05 1971321    /lib/libpthread-2.12.1.so
00e4c000-00e4d000 rw-p 00016000 08:05 1971321    /lib/libpthread-2.12.1.so
00e4d000-00e4f000 rw-p 00000000 00:00 0 
00eef000-00ef5000 r-xp 00000000 08:05 1971314    /lib/libnss_compat-2.12.1.so
00ef5000-00ef6000 r--p 00006000 08:05 1971314    /lib/libnss_compat-2.12.1.so
00ef6000-00ef7000 rw-p 00007000 08:05 1971314    /lib/libnss_compat-2.12.1.so
00f1c000-00f38000 r-xp 00000000 08:05 1970967    /lib/ld-2.12.1.so
00f38000-00f39000 r--p 0001b000 08:05 1970967    /lib/ld-2.12.1.so
00f39000-00f3a000 rw-p 0001c000 08:05 1970967    /lib/ld-2.12.1.so
00f3a000-015fe000 r-xp 00000000 08:05 680066     /usr/lib/jvm/java-6-openjdk/jre/lib/i386/server/libjvm.so
015fe000-01643000 r--p 006c4000 08:05 680066     /usr/lib/jvm/java-6-openjdk/jre/lib/i386/server/libjvm.so
01643000-01652000 rw-p 00709000 08:05 680066     /usr/lib/jvm/java-6-openjdk/jre/lib/i386/server/libjvm.so
01652000-01a71000 rw-p 00000000 00:00 0 
08048000-08051000 r-xp 00000000 08:05 679963     /usr/lib/jvm/java-6-openjdk/jre/bin/java
08051000-08052000 r--p 00008000 08:05 679963     /usr/lib/jvm/java-6-openjdk/jre/bin/java
08052000-08053000 rw-p 00009000 08:05 679963     /usr/lib/jvm/java-6-openjdk/jre/bin/java
09244000-0a7e4000 rw-p 00000000 00:00 0          [heap]
867af000-867b2000 ---p 00000000 00:00 0 
867b2000-86800000 rw-p 00000000 00:00 0 
86800000-868f5000 rw-p 00000000 00:00 0 
868f5000-86900000 ---p 00000000 00:00 0 
8690d000-86910000 ---p 00000000 00:00 0 
86910000-8695e000 rw-p 00000000 00:00 0 
8695e000-86961000 ---p 00000000 00:00 0 
86961000-869af000 rw-p 00000000 00:00 0 
869af000-869b2000 ---p 00000000 00:00 0 
869b2000-86a00000 rw-p 00000000 00:00 0 
86a00000-86afd000 rw-p 00000000 00:00 0 
86afd000-86b00000 ---p 00000000 00:00 0 
86b00000-86bea000 rw-p 00000000 00:00 0 
86bea000-86c00000 ---p 00000000 00:00 0 
86c00000-86cf3000 rw-p 00000000 00:00 0 
86cf3000-86d00000 ---p 00000000 00:00 0 
86d00000-86de8000 rw-p 00000000 00:00 0 
86de8000-86e00000 ---p 00000000 00:00 0 
86e00000-86ef9000 rw-p 00000000 00:00 0 
86ef9000-86f00000 ---p 00000000 00:00 0 
86f00000-86fed000 rw-p 00000000 00:00 0 
86fed000-87000000 ---p 00000000 00:00 0 
87000000-870f1000 rw-p 00000000 00:00 0 
870f1000-87100000 ---p 00000000 00:00 0 
87100000-871ee000 rw-p 00000000 00:00 0 
871ee000-87200000 ---p 00000000 00:00 0 
87200000-872fd000 rw-p 00000000 00:00 0 
872fd000-87300000 ---p 00000000 00:00 0 
87300000-87400000 rw-p 00000000 00:00 0 
87400000-874ff000 rw-p 00000000 00:00 0 
874ff000-87500000 ---p 00000000 00:00 0 
87500000-875fb000 rw-p 00000000 00:00 0 
875fb000-87600000 ---p 00000000 00:00 0 
87600000-876f9000 rw-p 00000000 00:00 0 
876f9000-87700000 ---p 00000000 00:00 0 
87700000-87800000 rw-p 00000000 00:00 0 
87800000-87900000 rw-p 00000000 00:00 0 
87942000-87945000 ---p 00000000 00:00 0 
87945000-87993000 rw-p 00000000 00:00 0 
87993000-879f2000 r--s 00d86000 08:05 680253     /usr/lib/jvm/java-6-openjdk/lib/tools.jar
879f2000-87a06000 r--s 0012f000 08:05 2231822    /home/david/.grails/grails-1.3.7/lib/ant-1.7.1.jar
87a06000-87a5a000 r--s 00516000 08:05 2238858    /home/david/.grails/grails-1.3.7/lib/groovy-all-1.7.8.jar
87a5a000-87a5d000 ---p 00000000 00:00 0 
87a5d000-87adb000 rw-p 00000000 00:00 0 
87add000-87ae2000 r--s 00049000 08:05 2238856    /home/david/.grails/grails-1.3.7/lib/gant_groovy1.7-1.9.2.jar
87ae2000-87af1000 r--s 000d9000 08:05 2238866    /home/david/.grails/grails-1.3.7/lib/ivy-2.2.0.jar
87af1000-87af8000 r--s 0005a000 08:05 2238857    /home/david/.grails/grails-1.3.7/lib/gpars-0.9.jar
87af8000-87afc000 r--s 0007c000 08:05 671162     /usr/lib/jvm/java-6-openjdk/jre/lib/jsse.jar
87afc000-87b00000 r--s 00045000 08:05 2372860    /home/david/.grails/grails-1.3.7/dist/grails-bootstrap-1.3.7.jar
87b00000-87bff000 rw-p 00000000 00:00 0 
87bff000-87c00000 ---p 00000000 00:00 0 
87c01000-87c09000 r--s 00066000 08:05 1072967    /usr/share/java/gnome-java-bridge.jar
87c09000-87c0a000 ---p 00000000 00:00 0 
87c0a000-87c8a000 rw-p 00000000 00:00 0 
87c8a000-87c8d000 ---p 00000000 00:00 0 
87c8d000-87cdb000 rw-p 00000000 00:00 0 
87cdb000-87cde000 ---p 00000000 00:00 0 
87cde000-87d5c000 rw-p 00000000 00:00 0 
87d5c000-87d5f000 ---p 00000000 00:00 0 
87d5f000-87dad000 rw-p 00000000 00:00 0 
87dad000-87fad000 r--p 00000000 08:05 657758     /usr/lib/locale/locale-archive
87fad000-87fb0000 ---p 00000000 00:00 0 
87fb0000-87ffe000 rw-p 00000000 00:00 0 
87ffe000-88001000 ---p 00000000 00:00 0 
88001000-8804f000 rw-p 00000000 00:00 0 
8804f000-88050000 ---p 00000000 00:00 0 
88050000-88103000 rw-p 00000000 00:00 0 
88103000-88292000 r--s 038c2000 08:05 680085     /usr/lib/jvm/java-6-openjdk/jre/lib/rt.jar
88292000-88293000 ---p 00000000 00:00 0 
88293000-88313000 rw-p 00000000 00:00 0 
88313000-88314000 ---p 00000000 00:00 0 
88314000-8839c000 rw-p 00000000 00:00 0 
8839c000-883f4000 rw-p 00000000 00:00 0 
883f4000-88404000 rw-p 00000000 00:00 0 
88404000-8849f000 rw-p 00000000 00:00 0 
8849f000-884a7000 rw-p 00000000 00:00 0 
884a7000-884ff000 rw-p 00000000 00:00 0 
884ff000-8850f000 rw-p 00000000 00:00 0 
8850f000-885a9000 rw-p 00000000 00:00 0 
885a9000-885e0000 rw-p 00000000 00:00 0 
885e0000-885ff000 rw-p 00000000 00:00 0 
885ff000-89600000 rw-p 00000000 00:00 0 
89600000-94600000 rw-p 00000000 00:00 0 
94600000-96520000 rw-p 00000000 00:00 0 
96520000-a9b60000 rw-p 00000000 00:00 0 
a9b60000-b0660000 rw-p 00000000 00:00 0 
b0660000-b4600000 rw-p 00000000 00:00 0 
b4600000-b4602000 r--s 00001000 08:05 680046     /usr/lib/jvm/java-6-openjdk/jre/lib/ext/dnsns.jar
b4602000-b460c000 rw-p 00000000 00:00 0 
b460c000-b46c2000 rw-p 00000000 00:00 0 
b46c2000-b4922000 rwxp 00000000 00:00 0 
b4922000-b76c2000 rw-p 00000000 00:00 0 
b76c2000-b76c5000 ---p 00000000 00:00 0 
b76c5000-b7716000 rw-p 00000000 00:00 0 
b7717000-b771a000 r--s 0000f000 08:05 680048     /usr/lib/jvm/java-6-openjdk/jre/lib/ext/pulse-java.jar
b771a000-b771b000 r--p 002a1000 08:05 657758     /usr/lib/locale/locale-archive
b771b000-b771d000 r--s 0001d000 08:05 671166     /usr/lib/jvm/java-6-openjdk/jre/lib/plugin.jar
b771d000-b7722000 r--s 00044000 08:05 680028     /usr/lib/jvm/java-6-openjdk/jre/lib/netx.jar
b7722000-b772a000 rw-s 00000000 08:05 262393     /tmp/hsperfdata_david/24306
b772a000-b772b000 rw-p 00000000 00:00 0 
b772b000-b772c000 r--p 00000000 00:00 0 
b772c000-b772e000 rw-p 00000000 00:00 0 
bf933000-bf955000 rw-p 00000000 00:00 0          [stack]

VM Arguments:
jvm_args: -Xmx512M -XX:MaxPermSize=192m -Dfile.encoding=UTF-8 -Dgrails.home=/home/david/.grails/grails-1.3.7 -Dtools.jar=/usr/lib/jvm/java-6-openjdk/lib/tools.jar 
java_command: org.codehaus.groovy.grails.cli.support.GrailsStarter --main org.codehaus.groovy.grails.cli.GrailsScriptRunner --conf /home/david/.grails/grails-1.3.7/conf/groovy-starter.conf --classpath  test-app functional:spock GroupView
Launcher Type: SUN_STANDARD

Environment Variables:
JAVA_HOME=/usr/lib/jvm/java-6-openjdk
PATH=/usr/local/sbin:/usr/local/bin:/usr/sbin:/usr/bin:/sbin:/bin:/usr/games:/home/david/.android-sdk-linux_86/tools:/home/david/.grails/grails-1.3.7/bin:/home/david/dev/workspaces/grails/grails.sh
USERNAME=david
LD_LIBRARY_PATH=/usr/lib/jvm/java-6-openjdk/jre/lib/i386/server:/usr/lib/jvm/java-6-openjdk/jre/lib/i386:/usr/lib/jvm/java-6-openjdk/jre/../lib/i386
SHELL=/bin/bash
DISPLAY=:0.0

Signal Handlers:
SIGSEGV: [libjvm.so+0x6497c0], sa_mask[0]=0x7ffbfeff, sa_flags=0x10000004
SIGBUS: [libjvm.so+0x6497c0], sa_mask[0]=0x7ffbfeff, sa_flags=0x10000004
SIGFPE: [libjvm.so+0x51ba60], sa_mask[0]=0x7ffbfeff, sa_flags=0x10000004
SIGPIPE: [libjvm.so+0x51ba60], sa_mask[0]=0x7ffbfeff, sa_flags=0x10000004
SIGXFSZ: [libjvm.so+0x51ba60], sa_mask[0]=0x7ffbfeff, sa_flags=0x10000004
SIGILL: [libjvm.so+0x51ba60], sa_mask[0]=0x7ffbfeff, sa_flags=0x10000004
SIGUSR1: SIG_DFL, sa_mask[0]=0x00000000, sa_flags=0x00000000
SIGUSR2: [libjvm.so+0x51b110], sa_mask[0]=0x00000000, sa_flags=0x10000004
SIGHUP: [libjvm.so+0x51dc80], sa_mask[0]=0x7ffbfeff, sa_flags=0x10000004
SIGINT: [libjvm.so+0x51dc80], sa_mask[0]=0x7ffbfeff, sa_flags=0x10000004
SIGTERM: [libjvm.so+0x51dc80], sa_mask[0]=0x7ffbfeff, sa_flags=0x10000004
SIGQUIT: [libjvm.so+0x51dc80], sa_mask[0]=0x7ffbfeff, sa_flags=0x10000004


---------------  S Y S T E M  ---------------

OS:Ubuntu 10.10 (maverick)
uname:Linux 2.6.35-28-generic #49-Ubuntu SMP Tue Mar 1 14:40:58 UTC 2011 i686
libc:glibc 2.12.1 NPTL 2.12.1 
rlimit: STACK 8192k, CORE 0k, NPROC infinity, NOFILE 1024, AS infinity
load average:0.85 0.55 0.47

/proc/meminfo:
MemTotal:        3055980 kB
MemFree:          713248 kB
Buffers:           61328 kB
Cached:           653088 kB
SwapCached:       165400 kB
Active:           969140 kB
Inactive:        1279400 kB
Active(anon):     833160 kB
Inactive(anon):   903132 kB
Active(file):     135980 kB
Inactive(file):   376268 kB
Unevictable:          96 kB
Mlocked:              96 kB
HighTotal:       2195888 kB
HighFree:         200508 kB
LowTotal:         860092 kB
LowFree:          512740 kB
SwapTotal:       7812092 kB
SwapFree:        7282676 kB
Dirty:               608 kB
Writeback:            72 kB
AnonPages:       1410540 kB
Mapped:           101144 kB
Shmem:            202164 kB
Slab:              40872 kB
SReclaimable:      18160 kB
SUnreclaim:        22712 kB
KernelStack:        4144 kB
PageTables:        13472 kB
NFS_Unstable:          0 kB
Bounce:                0 kB
WritebackTmp:          0 kB
CommitLimit:     9340080 kB
Committed_AS:    4761644 kB
VmallocTotal:     122880 kB
VmallocUsed:       38284 kB
VmallocChunk:      33132 kB
HardwareCorrupted:     0 kB
HugePages_Total:       0
HugePages_Free:        0
HugePages_Rsvd:        0
HugePages_Surp:        0
Hugepagesize:       4096 kB
DirectMap4k:       16376 kB
DirectMap4M:      892928 kB


CPU:total 2 (2 cores per cpu, 1 threads per core) family 6 model 23 stepping 6, cmov, cx8, fxsr, mmx, sse, sse2, sse3, ssse3, sse4.1

Memory: 4k page, physical 3055980k(713248k free), swap 7812092k(7282676k free)

vm_info: OpenJDK Server VM (19.0-b09) for linux-x86 JRE (1.6.0_20-b20), built on Feb 23 2011 09:09:10 by "buildd" with gcc 4.4.5

time: Thu Apr 14 15:13:37 2011
elapsed time: 3 seconds

